2020-07-10 14:10:01,725 INFO notifyConnectTimeout:200

2020-07-10 14:10:01,729 INFO notifySocketTimeout:8000

2020-07-10 14:10:01,729 INFO isHealthCheck:true

2020-07-10 14:10:01,729 INFO maxHealthCheckFailCount:12

2020-07-10 14:10:01,729 INFO maxContent:10485760

2020-07-10 14:10:05,092 INFO use local db service for init

2020-07-10 14:10:07,259 INFO use StandaloneDatabaseOperateImpl

2020-07-10 14:10:08,743 WARN DumpService start

2020-07-10 14:10:08,744 INFO start clear all config-info.

2020-07-10 14:10:08,751 WARN clear all config-info failed.

2020-07-10 14:10:08,751 WARN clear all config-info-tenant failed.

2020-07-10 14:10:08,813 INFO start clear all config-info-beta.

2020-07-10 14:10:08,813 WARN clear all config-info-beta failed.

2020-07-10 14:10:08,813 WARN clear all config-info-beta-tenant failed.

2020-07-10 14:10:09,004 INFO start clear all config-info-tag.

2020-07-10 14:10:09,004 WARN clear all config-info-tag failed.

2020-07-10 14:10:09,004 WARN clear all config-info-tag-tenant failed.

2020-07-10 14:23:51,246 INFO notifyConnectTimeout:200

2020-07-10 14:23:51,249 INFO notifySocketTimeout:8000

2020-07-10 14:23:51,249 INFO isHealthCheck:true

2020-07-10 14:23:51,249 INFO maxHealthCheckFailCount:12

2020-07-10 14:23:51,249 INFO maxContent:10485760

2020-07-10 14:23:54,635 INFO use local db service for init

2020-07-10 14:23:55,276 WARN Schema 'NACOS' already exists.

2020-07-10 14:23:55,327 WARN Table/View 'CONFIG_INFO' already exists in Schema 'NACOS'.

2020-07-10 14:23:55,384 WARN Table/View 'HIS_CONFIG_INFO' already exists in Schema 'NACOS'.

2020-07-10 14:23:55,405 WARN Table/View 'CONFIG_INFO_BETA' already exists in Schema 'NACOS'.

2020-07-10 14:23:55,412 WARN Table/View 'CONFIG_INFO_TAG' already exists in Schema 'NACOS'.

2020-07-10 14:23:55,419 WARN Table/View 'CONFIG_INFO_AGGR' already exists in Schema 'NACOS'.

2020-07-10 14:23:55,428 WARN Table/View 'APP_LIST' already exists in Schema 'NACOS'.

2020-07-10 14:23:55,434 WARN Table/View 'APP_CONFIGDATA_RELATION_SUBS' already exists in Schema 'NACOS'.

2020-07-10 14:23:55,439 WARN Table/View 'APP_CONFIGDATA_RELATION_PUBS' already exists in Schema 'NACOS'.

2020-07-10 14:23:55,445 WARN Table/View 'CONFIG_TAGS_RELATION' already exists in Schema 'NACOS'.

2020-07-10 14:23:55,455 WARN Table/View 'GROUP_CAPACITY' already exists in Schema 'NACOS'.

2020-07-10 14:23:55,460 WARN Table/View 'TENANT_CAPACITY' already exists in Schema 'NACOS'.

2020-07-10 14:23:55,466 WARN Table/View 'TENANT_INFO' already exists in Schema 'NACOS'.

2020-07-10 14:23:55,474 WARN Table/View 'USERS' already exists in Schema 'NACOS'.

2020-07-10 14:23:55,481 WARN Table/View 'ROLES' already exists in Schema 'NACOS'.

2020-07-10 14:23:55,487 WARN Table/View 'PERMISSIONS' already exists in Schema 'NACOS'.

2020-07-10 14:23:55,547 WARN The statement was aborted because it would have caused a duplicate key value in a unique or primary key constraint or unique index identified by 'SQL200710141007180' defined on 'USERS'.

2020-07-10 14:23:55,552 WARN The statement was aborted because it would have caused a duplicate key value in a unique or primary key constraint or unique index identified by 'UK_USERNAME_ROLE' defined on 'ROLES'.

2020-07-10 14:23:55,552 INFO use StandaloneDatabaseOperateImpl

2020-07-10 14:23:56,941 WARN DumpService start

2020-07-10 14:23:56,943 INFO start clear all config-info.

2020-07-10 14:23:56,953 WARN clear all config-info failed.

2020-07-10 14:23:56,953 WARN clear all config-info-tenant failed.

2020-07-10 14:23:57,034 INFO start clear all config-info-beta.

2020-07-10 14:23:57,035 WARN clear all config-info-beta failed.

2020-07-10 14:23:57,035 WARN clear all config-info-beta-tenant failed.

2020-07-10 14:23:57,047 INFO start clear all config-info-tag.

2020-07-10 14:23:57,047 WARN clear all config-info-tag failed.

2020-07-10 14:23:57,047 WARN clear all config-info-tag-tenant failed.

