/Library/Java/JavaVirtualMachines/jdk1.8.0_231.jdk/Contents/Home/bin/java  -Xms512m -Xmx512m -Xmn256m -Dnacos.standalone=true -Dnacos.member.list= -Djava.ext.dirs=/Library/Java/JavaVirtualMachines/jdk1.8.0_231.jdk/Contents/Home/jre/lib/ext:/Library/Java/JavaVirtualMachines/jdk1.8.0_231.jdk/Contents/Home/lib/ext -Xloggc:/Users/edz/Documents/nacos/logs/nacos_gc.log -verbose:gc -XX:+PrintGCDetails -XX:+PrintGCDateStamps -XX:+PrintGCTimeStamps -XX:+UseGCLogFileRotation -XX:NumberOfGCLogFiles=10 -XX:GCLogFileSize=100M -Dloader.path=/Users/edz/Documents/nacos/plugins/health,/Users/edz/Documents/nacos/plugins/cmdb,/Users/edz/Documents/nacos/plugins/mysql -Dnacos.home=/Users/edz/Documents/nacos -jar /Users/edz/Documents/nacos/target/nacos-server.jar  --spring.config.location=classpath:/,classpath:/config/,file:./,file:./config/,file:/Users/edz/Documents/nacos/conf/ --logging.config=/Users/edz/Documents/nacos/conf/nacos-logback.xml --server.max-http-header-size=524288

         ,--.
       ,--.'|
   ,--,:  : |                                           Nacos 1.3.0-BETA
,`--.'`|  ' :                       ,---.               Running in stand alone mode, All function modules
|   :  :  | |                      '   ,'\   .--.--.    Port: 8848
:   |   \ | :  ,--.--.     ,---.  /   /   | /  /    '   Pid: 4294
|   : '  '; | /       \   /     \.   ; ,. :|  :  /`./   Console: http://192.168.251.2:8848/nacos/index.html
'   ' ;.    ;.--.  .-. | /    / ''   | |: :|  :  ;_
|   | | \   | \__\/: . ..    ' / '   | .; : \  \    `.      https://nacos.io
'   : |  ; .' ," .--.; |'   ; :__|   :    |  `----.   \
|   | '`--'  /  /  ,.  |'   | '.'|\   \  /  /  /`--'  /
'   : |     ;  :   .'   \   :    : `----'  '--'.     /
;   |.'     |  ,     .-./\   \  /            `--'---'
'---'        `--`---'     `----'

2020-07-10 14:23:53,602 INFO Bean 'org.springframework.security.config.annotation.configuration.ObjectPostProcessorConfiguration' of type [org.springframework.security.config.annotation.configuration.ObjectPostProcessorConfiguration$$EnhancerBySpringCGLIB$$8232f489] is not eligible for getting processed by all BeanPostProcessors (for example: not eligible for auto-proxying)

2020-07-10 14:23:53,733 INFO Bean 'objectPostProcessor' of type [org.springframework.security.config.annotation.configuration.AutowireBeanFactoryObjectPostProcessor] is not eligible for getting processed by all BeanPostProcessors (for example: not eligible for auto-proxying)

2020-07-10 14:23:53,736 INFO Bean 'org.springframework.security.access.expression.method.DefaultMethodSecurityExpressionHandler@2657d4dd' of type [org.springframework.security.access.expression.method.DefaultMethodSecurityExpressionHandler] is not eligible for getting processed by all BeanPostProcessors (for example: not eligible for auto-proxying)

2020-07-10 14:23:53,737 INFO Bean 'org.springframework.security.config.annotation.method.configuration.GlobalMethodSecurityConfiguration' of type [org.springframework.security.config.annotation.method.configuration.GlobalMethodSecurityConfiguration$$EnhancerBySpringCGLIB$$a707973b] is not eligible for getting processed by all BeanPostProcessors (for example: not eligible for auto-proxying)

2020-07-10 14:23:53,741 INFO Bean 'methodSecurityMetadataSource' of type [org.springframework.security.access.method.DelegatingMethodSecurityMetadataSource] is not eligible for getting processed by all BeanPostProcessors (for example: not eligible for auto-proxying)

2020-07-10 14:23:54,224 INFO Tomcat initialized with port(s): 8848 (http)

2020-07-10 14:23:54,370 INFO Root WebApplicationContext: initialization completed in 3053 ms

2020-07-10 14:23:57,871 INFO Initializing ExecutorService 'applicationTaskExecutor'

2020-07-10 14:23:58,067 INFO Adding welcome page: class path resource [static/index.html]

2020-07-10 14:23:58,422 INFO Creating filter chain: Ant [pattern='/**'], []

2020-07-10 14:23:58,455 INFO Creating filter chain: any request, [org.springframework.security.web.context.request.async.WebAsyncManagerIntegrationFilter@73ff4fae, org.springframework.security.web.context.SecurityContextPersistenceFilter@557a1e2d, org.springframework.security.web.header.HeaderWriterFilter@3234f74e, org.springframework.security.web.csrf.CsrfFilter@339bf286, org.springframework.security.web.authentication.logout.LogoutFilter@4b3c354a, org.springframework.security.web.savedrequest.RequestCacheAwareFilter@7e38a7fe, org.springframework.security.web.servletapi.SecurityContextHolderAwareRequestFilter@31e75d13, org.springframework.security.web.authentication.AnonymousAuthenticationFilter@21aa6d6c, org.springframework.security.web.session.SessionManagementFilter@275fe372, org.springframework.security.web.access.ExceptionTranslationFilter@269f4bad]

2020-07-10 14:23:58,545 INFO Exposing 2 endpoint(s) beneath base path '/actuator'

2020-07-10 14:23:58,575 INFO Initializing ExecutorService 'taskScheduler'

2020-07-10 14:23:58,693 INFO Tomcat started on port(s): 8848 (http) with context path '/nacos'

2020-07-10 14:23:58,699 INFO Nacos Log files: /Users/edz/Documents/nacos/logs

2020-07-10 14:23:58,702 INFO Nacos Log files: /Users/edz/Documents/nacos/conf

2020-07-10 14:23:58,702 INFO Nacos Log files: /Users/edz/Documents/nacos/data

2020-07-10 14:23:58,702 INFO Nacos started successfully in stand alone mode. use embedded storage

2020-07-10 14:24:23,790 INFO Initializing Servlet 'dispatcherServlet'

2020-07-10 14:24:23,804 INFO Completed initialization in 13 ms

2020-07-13 07:44:25,779 WARN [NotifyCenter] Start destroying Publisher

2020-07-13 07:44:25,779 WARN [ThreadPoolManager] Start destroying ThreadPool

2020-07-13 07:44:25,780 WARN [NotifyCenter] Destruction of the end

2020-07-13 07:44:25,789 INFO Shutting down ExecutorService 'taskScheduler'

2020-07-13 07:44:25,793 INFO Shutting down ExecutorService 'applicationTaskExecutor'

